INFO:root:ENGINE PLAYED : d2d4
INFO:root:ENGINE PLAYED : d2d4
INFO:root:MOVE MOTORS : [4, 2, 2, 2, 2, 2, 4, 2]
INFO:root:ACTIVATE MAGNET
INFO:root:MOVE MOTORS : [1, 4, 4, 4, 4, 2]
INFO:root:DEACTIVATE MAGNET
INFO:root:PLAYED BOARD : xxxxxxxxxxxx.xxx............x.......x.......x...xxxx.xxxxxxxxxxx
INFO:root:YOU PLAYED : a8b8
INFO:root:ENGINE PLAYED : d2d4
INFO:root:MOVE MOTORS : [4, 2, 2, 2, 2, 2, 4, 2]
INFO:root:ACTIVATE MAGNET
INFO:root:MOVE MOTORS : [1, 4, 4, 4, 4, 2]
INFO:root:DEACTIVATE MAGNET
INFO:root:ENGINE PLAYED : d2d4
INFO:root:MOVE MOTORS : [4, 2, 2, 2, 2, 2, 4, 2]
INFO:root:ACTIVATE MAGNET
INFO:root:MOVE MOTORS : [1, 4, 4, 4, 4, 2]
INFO:root:DEACTIVATE MAGNET
INFO:root:PLAYED BOARD : xxxxxxxxxxxx.xxx............x.......x...........xxxx.xxxxxxxxxxx
INFO:root:YOU PLAYED : a8b8
INFO:root:ENGINE PLAYED : d2d4
INFO:root:MOVE MOTORS : [4, 2, 2, 2, 2, 2, 4, 2]
INFO:root:ACTIVATE MAGNET
INFO:root:MOVE MOTORS : [1, 4, 4, 4, 4, 2]
INFO:root:DEACTIVATE MAGNET
INFO:root:PLAYED BOARD : xxxxxxx.xxxx.xx.............x.......x...........xxxx.xxxxxxxxxxx
INFO:root:YOU PLAYED : a8b8
INFO:root:ENGINE PLAYED : d2d4
INFO:root:MOVE MOTORS : [4, 2, 2, 2, 2, 2, 4, 2]
INFO:root:ACTIVATE MAGNET
INFO:root:MOVE MOTORS : [1, 4, 4, 4, 4, 2]
INFO:root:DEACTIVATE MAGNET
INFO:root:PLAYED BOARD : xxxxxxxxxxxx.xxx............x.......x...........xxxx.xxxxxxxxxxx
INFO:root:YOU PLAYED : a8b8
INFO:root:ENGINE PLAYED : d2d4
INFO:root:MOVE MOTORS : [4, 2, 2, 2, 2, 2, 4, 2]
INFO:root:ACTIVATE MAGNET
INFO:root:MOVE MOTORS : [1, 4, 4, 4, 4, 2]
INFO:root:DEACTIVATE MAGNET
INFO:root:PLAYED BOARD : xxxxxxxxxxxx.xxx............x...x................xxxxxxxxxxxxxxx
INFO:root:YOU PLAYED : a8b8
INFO:root:ENGINE PLAYED : d2d4
INFO:root:MOVE MOTORS : [4, 2, 2, 2, 2, 2, 4, 2]
INFO:root:ACTIVATE MAGNET
INFO:root:MOVE MOTORS : [1, 4, 4, 4, 4, 2]
INFO:root:DEACTIVATE MAGNET
INFO:root:PLAYED BOARD : xxxxxxxxxxxx.xxx............x...x................xxxxxxxxxxxxxxx
INFO:root:ENGINE PLAYED : d2d4
INFO:root:MOVE MOTORS : [4, 2, 2, 2, 2, 2, 4, 2]
INFO:root:ACTIVATE MAGNET
INFO:root:MOVE MOTORS : [1, 4, 4, 4, 4, 2]
INFO:root:DEACTIVATE MAGNET
INFO:root:PLAYED BOARD : xxxxxxxxxxxx.xxx............x...x................xxxxxxxxxxxxxxx
INFO:root:ENGINE PLAYED : d2d4
INFO:root:MOVE MOTORS : [4, 2, 2, 2, 2, 2, 4, 2]
INFO:root:ACTIVATE MAGNET
INFO:root:MOVE MOTORS : [1, 4, 4, 4, 4, 2]
INFO:root:DEACTIVATE MAGNET
INFO:root:PLAYED BOARD : xxxxxxxxxxxx.xxx...........xx...x................xxxxxxxxxxxxxxx
INFO:root:ENGINE PLAYED : d2d4
INFO:root:MOVE MOTORS : [4, 2, 2, 2, 2, 2, 4, 2]
INFO:root:ACTIVATE MAGNET
INFO:root:MOVE MOTORS : [1, 4, 4, 4, 4, 2]
INFO:root:DEACTIVATE MAGNET
INFO:root:PLAYED BOARD : xxxxxxxxxxxxxxx................x...xx...........xxx.xxxxxxxxxxxx
INFO:root:ENGINE PLAYED : d2d4
INFO:root:MOVE MOTORS : [4, 2, 2, 2, 2, 2, 4, 2]
INFO:root:ACTIVATE MAGNET
INFO:root:MOVE MOTORS : [1, 4, 4, 4, 4, 2]
INFO:root:DEACTIVATE MAGNET
INFO:root:PLAYED BOARD : xxxxxxxxxxxxxxx................x...xx...........xxx.xxxxxxxxxxxx
INFO:root:ENGINE PLAYED : d2d4
INFO:root:MOVE MOTORS : [4, 2, 2, 2, 2, 2, 4, 2]
INFO:root:ACTIVATE MAGNET
INFO:root:MOVE MOTORS : [1, 4, 4, 4, 4, 2]
INFO:root:DEACTIVATE MAGNET
INFO:root:PLAYED BOARD : xxxxxxxxxxxxxxxx...................xx...........xxx.xxxxxxxxxxxx
INFO:root:ENGINE PLAYED : d2d4
INFO:root:MOVE MOTORS : [4, 2, 2, 2, 2, 2, 4, 2]
INFO:root:ACTIVATE MAGNET
INFO:root:MOVE MOTORS : [1, 4, 4, 4, 4, 2]
INFO:root:DEACTIVATE MAGNET
INFO:root:PLAYED BOARD : xxxxxxxxxxxxxxxx..xxxxxx...x.xx....xx.x....x.x..xxx.xxxxxxxxxxxx
INFO:root:ENGINE PLAYED : d2d4
INFO:root:MOVE MOTORS : [4, 2, 2, 2, 2, 2, 4, 2]
INFO:root:ACTIVATE MAGNET
INFO:root:MOVE MOTORS : [1, 4, 4, 4, 4, 2]
INFO:root:DEACTIVATE MAGNET
INFO:root:PLAYED BOARD : xxxxxxxxxxxxxxxx...xxxxx...........xx......x....xxx.xxxxxxxxxxxx
INFO:root:ENGINE PLAYED : d2d4
INFO:root:MOVE MOTORS : [4, 2, 2, 2, 2, 2, 4, 2]
INFO:root:ACTIVATE MAGNET
INFO:root:MOVE MOTORS : [1, 4, 4, 4, 4, 2]
INFO:root:DEACTIVATE MAGNET
INFO:root:PLAYED BOARD : xxxxxxxxxxxxxxxx..xxxx.x...xx.....xxx......xxxxx.....xx.......x.
INFO:root:ENGINE PLAYED : d2d4
INFO:root:MOVE MOTORS : [4, 2, 2, 2, 2, 2, 4, 2]
INFO:root:ACTIVATE MAGNET
INFO:root:MOVE MOTORS : [1, 4, 4, 4, 4, 2]
INFO:root:DEACTIVATE MAGNET
INFO:root:PLAYED BOARD : xxxxxxxxxxxxxxxxxxxxxxx........x...x...x...x.....xx.xxxx.xxxxxxx
INFO:root:ENGINE PLAYED : d2d4
INFO:root:MOVE MOTORS : [4, 2, 2, 2, 2, 2, 4, 2]
INFO:root:ACTIVATE MAGNET
INFO:root:MOVE MOTORS : [1, 4, 4, 4, 4, 2]
INFO:root:DEACTIVATE MAGNET
INFO:root:PLAYED BOARD : xxxxxxxxxxxxxxxxxxxxxxx........x...x...x...x.....xx.xxxx.xxxxxxx
INFO:root:ENGINE PLAYED : d2d4
INFO:root:MOVE MOTORS : [4, 2, 2, 2, 2, 2, 4, 2]
